{"/Users/pedroteixeira/projects/pouch-stream-multi-sync/index.js":{"path":"/Users/pedroteixeira/projects/pouch-stream-multi-sync/index.js","s":{"1":1,"2":1},"b":{},"f":{},"fnMap":{},"statementMap":{"1":{"start":{"line":1,"column":0},"end":{"line":1,"column":43}},"2":{"start":{"line":2,"column":0},"end":{"line":2,"column":43}}},"branchMap":{}},"/Users/pedroteixeira/projects/pouch-stream-multi-sync/server.js":{"path":"/Users/pedroteixeira/projects/pouch-stream-multi-sync/server.js","s":{"1":1,"2":1,"3":1,"4":1,"5":1,"6":2,"7":2,"8":2,"9":1,"10":1,"11":1,"12":3,"13":3,"14":3,"15":3,"16":1,"17":3,"18":2,"19":1,"20":1,"21":1,"22":1,"23":1,"24":1,"25":0},"b":{"1":[1,1],"2":[2,1],"3":[2,0]},"f":{"1":2,"2":3,"3":3,"4":0},"fnMap":{"1":{"name":"createServer","line":7,"loc":{"start":{"line":7,"column":0},"end":{"line":7,"column":34}}},"2":{"name":"onRequest","line":17,"loc":{"start":{"line":17,"column":2},"end":{"line":17,"column":26}}},"3":{"name":"callback","line":25,"loc":{"start":{"line":25,"column":4},"end":{"line":25,"column":31}}},"4":{"name":"propagateError","line":40,"loc":{"start":{"line":40,"column":2},"end":{"line":40,"column":31}},"skip":true}},"statementMap":{"1":{"start":{"line":1,"column":0},"end":{"line":1,"column":63}},"2":{"start":{"line":2,"column":0},"end":{"line":2,"column":44}},"3":{"start":{"line":3,"column":0},"end":{"line":3,"column":55}},"4":{"start":{"line":5,"column":0},"end":{"line":5,"column":30}},"5":{"start":{"line":7,"column":0},"end":{"line":43,"column":1}},"6":{"start":{"line":8,"column":2},"end":{"line":8,"column":52}},"7":{"start":{"line":9,"column":2},"end":{"line":9,"column":42}},"8":{"start":{"line":11,"column":2},"end":{"line":13,"column":3}},"9":{"start":{"line":12,"column":4},"end":{"line":12,"column":64}},"10":{"start":{"line":15,"column":2},"end":{"line":15,"column":41}},"11":{"start":{"line":17,"column":2},"end":{"line":35,"column":3}},"12":{"start":{"line":18,"column":4},"end":{"line":18,"column":40}},"13":{"start":{"line":19,"column":4},"end":{"line":19,"column":46}},"14":{"start":{"line":21,"column":4},"end":{"line":21,"column":98}},"15":{"start":{"line":23,"column":4},"end":{"line":23,"column":59}},"16":{"start":{"line":25,"column":4},"end":{"line":34,"column":5}},"17":{"start":{"line":26,"column":6},"end":{"line":33,"column":7}},"18":{"start":{"line":27,"column":8},"end":{"line":27,"column":64}},"19":{"start":{"line":29,"column":8},"end":{"line":29,"column":42}},"20":{"start":{"line":30,"column":8},"end":{"line":30,"column":34}},"21":{"start":{"line":31,"column":8},"end":{"line":31,"column":44}},"22":{"start":{"line":32,"column":8},"end":{"line":32,"column":57}},"23":{"start":{"line":37,"column":2},"end":{"line":37,"column":23}},"24":{"start":{"line":40,"column":2},"end":{"line":42,"column":3},"skip":true},"25":{"start":{"line":41,"column":4},"end":{"line":41,"column":37},"skip":true}},"branchMap":{"1":{"line":11,"type":"if","locations":[{"start":{"line":11,"column":2},"end":{"line":11,"column":2}},{"start":{"line":11,"column":2},"end":{"line":11,"column":2}}]},"2":{"line":26,"type":"if","locations":[{"start":{"line":26,"column":6},"end":{"line":26,"column":6}},{"start":{"line":26,"column":6},"end":{"line":26,"column":6}}]},"3":{"line":27,"type":"binary-expr","locations":[{"start":{"line":27,"column":17},"end":{"line":27,"column":28}},{"start":{"line":27,"column":59},"end":{"line":27,"column":62},"skip":true}]}}},"/Users/pedroteixeira/projects/pouch-stream-multi-sync/client.js":{"path":"/Users/pedroteixeira/projects/pouch-stream-multi-sync/client.js","s":{"1":1,"2":1,"3":1,"4":1,"5":1,"6":1,"7":1,"8":1,"9":5,"10":5,"11":5,"12":5,"13":5,"14":5,"15":5,"16":5,"17":5,"18":5,"19":5,"20":1,"21":5,"22":5,"23":5,"24":5,"25":1,"26":4,"27":4,"28":4,"29":4,"30":4,"31":1,"32":6,"33":6,"34":6,"35":0,"36":6,"37":6,"38":0,"39":6,"40":6,"41":6,"42":6,"43":6,"44":6,"45":1,"46":2,"47":2,"48":1,"49":4,"50":1,"51":4,"52":4,"53":4,"54":4,"55":4,"56":4,"57":4,"58":1,"59":3,"60":2,"61":1,"62":1,"63":1,"64":1,"65":1,"66":1,"67":1,"68":1,"69":1,"70":3,"71":1,"72":1,"73":1,"74":1,"75":1,"76":1,"77":0,"78":0,"79":1,"80":1,"81":1,"82":1,"83":1,"84":1,"85":1,"86":1},"b":{"1":[0,6],"2":[6,0],"3":[0,6],"4":[4,0],"5":[2,1],"6":[1,2],"7":[0,1],"8":[1,0]},"f":{"1":5,"2":5,"3":4,"4":6,"5":2,"6":4,"7":4,"8":3,"9":1,"10":3,"11":1,"12":1,"13":1,"14":1},"fnMap":{"1":{"name":"createClient","line":10,"loc":{"start":{"line":10,"column":0},"end":{"line":10,"column":36}}},"2":{"name":"connect","line":28,"loc":{"start":{"line":28,"column":2},"end":{"line":28,"column":21}}},"3":{"name":"handleStream","line":35,"loc":{"start":{"line":35,"column":2},"end":{"line":35,"column":32}}},"4":{"name":"sync","line":43,"loc":{"start":{"line":43,"column":2},"end":{"line":43,"column":30}}},"5":{"name":"cancel","line":79,"loc":{"start":{"line":79,"column":4},"end":{"line":79,"column":22}}},"6":{"name":"setupSyncs","line":85,"loc":{"start":{"line":85,"column":2},"end":{"line":85,"column":24}}},"7":{"name":"startSync","line":89,"loc":{"start":{"line":89,"column":2},"end":{"line":89,"column":27}}},"8":{"name":"onChannel","line":104,"loc":{"start":{"line":104,"column":4},"end":{"line":104,"column":37}}},"9":{"name":"(anonymous_9)","line":117,"loc":{"start":{"line":117,"column":28},"end":{"line":117,"column":45}}},"10":{"name":"cancel","line":126,"loc":{"start":{"line":126,"column":4},"end":{"line":126,"column":22}}},"11":{"name":"cancelAll","line":133,"loc":{"start":{"line":133,"column":2},"end":{"line":133,"column":23}}},"12":{"name":"(anonymous_12)","line":135,"loc":{"start":{"line":135,"column":18},"end":{"line":135,"column":33}}},"13":{"name":"destroy","line":147,"loc":{"start":{"line":147,"column":2},"end":{"line":147,"column":21}}},"14":{"name":"propagateError","line":157,"loc":{"start":{"line":157,"column":2},"end":{"line":157,"column":31}}}},"statementMap":{"1":{"start":{"line":1,"column":0},"end":{"line":1,"column":63}},"2":{"start":{"line":2,"column":0},"end":{"line":2,"column":30}},"3":{"start":{"line":3,"column":0},"end":{"line":3,"column":50}},"4":{"start":{"line":4,"column":0},"end":{"line":4,"column":42}},"5":{"start":{"line":5,"column":0},"end":{"line":5,"column":44}},"6":{"start":{"line":6,"column":0},"end":{"line":6,"column":55}},"7":{"start":{"line":8,"column":0},"end":{"line":8,"column":30}},"8":{"start":{"line":10,"column":0},"end":{"line":160,"column":1}},"9":{"start":{"line":11,"column":2},"end":{"line":11,"column":42}},"10":{"start":{"line":13,"column":2},"end":{"line":13,"column":14}},"11":{"start":{"line":14,"column":2},"end":{"line":14,"column":15}},"12":{"start":{"line":15,"column":2},"end":{"line":15,"column":17}},"13":{"start":{"line":16,"column":2},"end":{"line":16,"column":34}},"14":{"start":{"line":17,"column":2},"end":{"line":17,"column":32}},"15":{"start":{"line":19,"column":2},"end":{"line":19,"column":34}},"16":{"start":{"line":20,"column":2},"end":{"line":20,"column":27}},"17":{"start":{"line":21,"column":2},"end":{"line":21,"column":21}},"18":{"start":{"line":22,"column":2},"end":{"line":22,"column":40}},"19":{"start":{"line":24,"column":2},"end":{"line":24,"column":16}},"20":{"start":{"line":28,"column":2},"end":{"line":33,"column":3}},"21":{"start":{"line":29,"column":4},"end":{"line":29,"column":43}},"22":{"start":{"line":30,"column":4},"end":{"line":30,"column":23}},"23":{"start":{"line":31,"column":4},"end":{"line":31,"column":34}},"24":{"start":{"line":32,"column":4},"end":{"line":32,"column":18}},"25":{"start":{"line":35,"column":2},"end":{"line":41,"column":3}},"26":{"start":{"line":36,"column":4},"end":{"line":36,"column":26}},"27":{"start":{"line":37,"column":4},"end":{"line":37,"column":43}},"28":{"start":{"line":38,"column":4},"end":{"line":38,"column":39}},"29":{"start":{"line":39,"column":4},"end":{"line":39,"column":39}},"30":{"start":{"line":40,"column":4},"end":{"line":40,"column":17}},"31":{"start":{"line":43,"column":2},"end":{"line":83,"column":3}},"32":{"start":{"line":44,"column":4},"end":{"line":46,"column":17}},"33":{"start":{"line":48,"column":4},"end":{"line":48,"column":64}},"34":{"start":{"line":51,"column":4},"end":{"line":53,"column":5},"skip":true},"35":{"start":{"line":52,"column":6},"end":{"line":52,"column":49},"skip":true},"36":{"start":{"line":56,"column":4},"end":{"line":56,"column":48},"skip":true},"37":{"start":{"line":59,"column":4},"end":{"line":61,"column":5},"skip":true},"38":{"start":{"line":60,"column":6},"end":{"line":60,"column":46},"skip":true},"39":{"start":{"line":63,"column":4},"end":{"line":63,"column":57}},"40":{"start":{"line":65,"column":4},"end":{"line":65,"column":33}},"41":{"start":{"line":66,"column":4},"end":{"line":66,"column":24}},"42":{"start":{"line":67,"column":4},"end":{"line":73,"column":6}},"43":{"start":{"line":75,"column":4},"end":{"line":75,"column":21}},"44":{"start":{"line":77,"column":4},"end":{"line":77,"column":15}},"45":{"start":{"line":79,"column":4},"end":{"line":82,"column":5}},"46":{"start":{"line":80,"column":6},"end":{"line":80,"column":27}},"47":{"start":{"line":81,"column":6},"end":{"line":81,"column":29}},"48":{"start":{"line":85,"column":2},"end":{"line":87,"column":3}},"49":{"start":{"line":86,"column":4},"end":{"line":86,"column":29}},"50":{"start":{"line":89,"column":2},"end":{"line":131,"column":3}},"51":{"start":{"line":90,"column":4},"end":{"line":90,"column":41}},"52":{"start":{"line":91,"column":4},"end":{"line":91,"column":46}},"53":{"start":{"line":92,"column":4},"end":{"line":92,"column":16}},"54":{"start":{"line":93,"column":4},"end":{"line":93,"column":15}},"55":{"start":{"line":96,"column":4},"end":{"line":102,"column":5}},"56":{"start":{"line":97,"column":6},"end":{"line":100,"column":20}},"57":{"start":{"line":101,"column":6},"end":{"line":101,"column":31}},"58":{"start":{"line":104,"column":4},"end":{"line":124,"column":5}},"59":{"start":{"line":105,"column":6},"end":{"line":123,"column":7}},"60":{"start":{"line":106,"column":8},"end":{"line":106,"column":36}},"61":{"start":{"line":108,"column":8},"end":{"line":108,"column":41}},"62":{"start":{"line":109,"column":8},"end":{"line":113,"column":11}},"63":{"start":{"line":114,"column":8},"end":{"line":114,"column":78}},"64":{"start":{"line":115,"column":8},"end":{"line":115,"column":77}},"65":{"start":{"line":117,"column":8},"end":{"line":120,"column":11}},"66":{"start":{"line":118,"column":10},"end":{"line":118,"column":47}},"67":{"start":{"line":119,"column":10},"end":{"line":119,"column":42}},"68":{"start":{"line":122,"column":8},"end":{"line":122,"column":50}},"69":{"start":{"line":126,"column":4},"end":{"line":130,"column":5}},"70":{"start":{"line":127,"column":6},"end":{"line":129,"column":7}},"71":{"start":{"line":128,"column":8},"end":{"line":128,"column":24}},"72":{"start":{"line":133,"column":2},"end":{"line":145,"column":3}},"73":{"start":{"line":134,"column":4},"end":{"line":134,"column":23}},"74":{"start":{"line":135,"column":4},"end":{"line":144,"column":7}},"75":{"start":{"line":136,"column":6},"end":{"line":136,"column":27}},"76":{"start":{"line":139,"column":6},"end":{"line":142,"column":7},"skip":true},"77":{"start":{"line":140,"column":8},"end":{"line":140,"column":32},"skip":true},"78":{"start":{"line":141,"column":8},"end":{"line":141,"column":29},"skip":true},"79":{"start":{"line":147,"column":2},"end":{"line":155,"column":3}},"80":{"start":{"line":149,"column":4},"end":{"line":151,"column":5}},"81":{"start":{"line":150,"column":6},"end":{"line":150,"column":25}},"82":{"start":{"line":152,"column":4},"end":{"line":152,"column":16}},"83":{"start":{"line":153,"column":4},"end":{"line":153,"column":24}},"84":{"start":{"line":154,"column":4},"end":{"line":154,"column":19}},"85":{"start":{"line":157,"column":2},"end":{"line":159,"column":3}},"86":{"start":{"line":158,"column":4},"end":{"line":158,"column":30}}},"branchMap":{"1":{"line":51,"type":"if","locations":[{"start":{"line":51,"column":4},"end":{"line":51,"column":4},"skip":true},{"start":{"line":51,"column":4},"end":{"line":51,"column":4},"skip":true}]},"2":{"line":56,"type":"binary-expr","locations":[{"start":{"line":56,"column":14},"end":{"line":56,"column":28},"skip":true},{"start":{"line":56,"column":32},"end":{"line":56,"column":47},"skip":true}]},"3":{"line":59,"type":"if","locations":[{"start":{"line":59,"column":4},"end":{"line":59,"column":4},"skip":true},{"start":{"line":59,"column":4},"end":{"line":59,"column":4},"skip":true}]},"4":{"line":96,"type":"if","locations":[{"start":{"line":96,"column":4},"end":{"line":96,"column":4}},{"start":{"line":96,"column":4},"end":{"line":96,"column":4},"skip":true}]},"5":{"line":105,"type":"if","locations":[{"start":{"line":105,"column":6},"end":{"line":105,"column":6}},{"start":{"line":105,"column":6},"end":{"line":105,"column":6}}]},"6":{"line":127,"type":"if","locations":[{"start":{"line":127,"column":6},"end":{"line":127,"column":6}},{"start":{"line":127,"column":6},"end":{"line":127,"column":6}}]},"7":{"line":139,"type":"if","locations":[{"start":{"line":139,"column":6},"end":{"line":139,"column":6},"skip":true},{"start":{"line":139,"column":6},"end":{"line":139,"column":6},"skip":true}]},"8":{"line":149,"type":"if","locations":[{"start":{"line":149,"column":4},"end":{"line":149,"column":4}},{"start":{"line":149,"column":4},"end":{"line":149,"column":4},"skip":true}]}}}}