TN:
SF:/Users/pedroteixeira/projects/pouch-stream-multi-sync/index.js
FNF:0
FNH:0
DA:1,1
DA:2,1
LF:2
LH:2
BRF:0
BRH:0
end_of_record
TN:
SF:/Users/pedroteixeira/projects/pouch-stream-multi-sync/server.js
FN:7,createServer
FN:17,onRequest
FN:25,callback
FN:40,propagateError
FNF:4
FNH:4
FNDA:2,createServer
FNDA:3,onRequest
FNDA:3,callback
FNDA:0,propagateError
DA:1,1
DA:2,1
DA:3,1
DA:5,1
DA:7,1
DA:8,2
DA:9,2
DA:11,2
DA:12,1
DA:15,1
DA:17,1
DA:18,3
DA:19,3
DA:21,3
DA:23,3
DA:25,1
DA:26,3
DA:27,2
DA:29,1
DA:30,1
DA:31,1
DA:32,1
DA:37,1
DA:40,1
DA:41,1
LF:25
LH:25
BRDA:11,1,0,1
BRDA:11,1,1,1
BRDA:26,2,0,2
BRDA:26,2,1,1
BRDA:27,3,0,2
BRDA:27,3,1,0
BRF:6
BRH:6
end_of_record
TN:
SF:/Users/pedroteixeira/projects/pouch-stream-multi-sync/client.js
FN:10,createClient
FN:28,connect
FN:35,handleStream
FN:43,sync
FN:79,cancel
FN:85,setupSyncs
FN:89,startSync
FN:104,onChannel
FN:117,(anonymous_9)
FN:126,cancel
FN:133,cancelAll
FN:135,(anonymous_12)
FN:147,destroy
FN:157,propagateError
FNF:14
FNH:14
FNDA:5,createClient
FNDA:5,connect
FNDA:4,handleStream
FNDA:6,sync
FNDA:2,cancel
FNDA:4,setupSyncs
FNDA:4,startSync
FNDA:3,onChannel
FNDA:1,(anonymous_9)
FNDA:3,cancel
FNDA:1,cancelAll
FNDA:1,(anonymous_12)
FNDA:1,destroy
FNDA:1,propagateError
DA:1,1
DA:2,1
DA:3,1
DA:4,1
DA:5,1
DA:6,1
DA:8,1
DA:10,1
DA:11,5
DA:13,5
DA:14,5
DA:15,5
DA:16,5
DA:17,5
DA:19,5
DA:20,5
DA:21,5
DA:22,5
DA:24,5
DA:28,1
DA:29,5
DA:30,5
DA:31,5
DA:32,5
DA:35,1
DA:36,4
DA:37,4
DA:38,4
DA:39,4
DA:40,4
DA:43,1
DA:44,6
DA:48,6
DA:51,6
DA:52,1
DA:56,6
DA:59,6
DA:60,1
DA:63,6
DA:65,6
DA:66,6
DA:67,6
DA:75,6
DA:77,6
DA:79,1
DA:80,2
DA:81,2
DA:85,1
DA:86,4
DA:89,1
DA:90,4
DA:91,4
DA:92,4
DA:93,4
DA:96,4
DA:97,4
DA:101,4
DA:104,1
DA:105,3
DA:106,2
DA:108,1
DA:109,1
DA:114,1
DA:115,1
DA:117,1
DA:118,1
DA:119,1
DA:122,1
DA:126,1
DA:127,3
DA:128,1
DA:133,1
DA:134,1
DA:135,1
DA:136,1
DA:139,1
DA:140,1
DA:141,1
DA:147,1
DA:149,1
DA:150,1
DA:152,1
DA:153,1
DA:154,1
DA:157,1
DA:158,1
LF:86
LH:86
BRDA:51,1,0,0
BRDA:51,1,1,6
BRDA:56,2,0,6
BRDA:56,2,1,0
BRDA:59,3,0,0
BRDA:59,3,1,6
BRDA:96,4,0,4
BRDA:96,4,1,0
BRDA:105,5,0,2
BRDA:105,5,1,1
BRDA:127,6,0,1
BRDA:127,6,1,2
BRDA:139,7,0,0
BRDA:139,7,1,1
BRDA:149,8,0,1
BRDA:149,8,1,0
BRF:16
BRH:16
end_of_record
